This is pdfTeX, Version 3.141592653-2.6-1.40.24 (TeX Live 2022) (preloaded format=pdflatex 2023.3.18)  20 MAY 2023 18:16
entering extended mode
 restricted \write18 enabled.
 file:line:error style messages enabled.
 %&-line parsing enabled.
**"c:/Users/gbast/OneDrive/Escritorio/Física/metodos 3/Resúmenes/fourier.tex"
(c:/Users/gbast/OneDrive/Escritorio/Física/metodos 3/Resúmenes/fourier.tex
LaTeX2e <2022-11-01> patch level 1
L3 programming layer <2023-02-22> (c:/texlive/2022/texmf-dist/tex/latex/base/article.cls
Document Class: article 2022/07/02 v1.4n Standard LaTeX document class
(c:/texlive/2022/texmf-dist/tex/latex/base/size12.clo
File: size12.clo 2022/07/02 v1.4n Standard LaTeX file (size option)
)
\c@part=\count185
\c@section=\count186
\c@subsection=\count187
\c@subsubsection=\count188
\c@paragraph=\count189
\c@subparagraph=\count190
\c@figure=\count191
\c@table=\count192
\abovecaptionskip=\skip48
\belowcaptionskip=\skip49
\bibindent=\dimen140
) (c:/texlive/2022/texmf-dist/tex/latex/base/inputenc.sty
Package: inputenc 2021/02/14 v1.3d Input encoding file
\inpenc@prehook=\toks16
\inpenc@posthook=\toks17
) (c:/texlive/2022/texmf-dist/tex/latex/graphics/graphicx.sty
Package: graphicx 2021/09/16 v1.2d Enhanced LaTeX Graphics (DPC,SPQR)
 (c:/texlive/2022/texmf-dist/tex/latex/graphics/keyval.sty
Package: keyval 2022/05/29 v1.15 key=value parser (DPC)
\KV@toks@=\toks18
) (c:/texlive/2022/texmf-dist/tex/latex/graphics/graphics.sty
Package: graphics 2022/03/10 v1.4e Standard LaTeX Graphics (DPC,SPQR)
 (c:/texlive/2022/texmf-dist/tex/latex/graphics/trig.sty
Package: trig 2021/08/11 v1.11 sin cos tan (DPC)
) (c:/texlive/2022/texmf-dist/tex/latex/graphics-cfg/graphics.cfg
File: graphics.cfg 2016/06/04 v1.11 sample graphics configuration
)
Package graphics Info: Driver file: pdftex.def on input line 107.
 (c:/texlive/2022/texmf-dist/tex/latex/graphics-def/pdftex.def
File: pdftex.def 2022/09/22 v1.2b Graphics/color driver for pdftex
))
\Gin@req@height=\dimen141
\Gin@req@width=\dimen142
) (c:/texlive/2022/texmf-dist/tex/generic/babel/babel.sty
Package: babel 2023/02/13 3.86 The Babel package
\babel@savecnt=\count193
\U@D=\dimen143
\l@unhyphenated=\language87
 (c:/texlive/2022/texmf-dist/tex/generic/babel/txtbabel.def)
\bbl@readstream=\read2
\bbl@dirlevel=\count194
 (c:/texlive/2022/texmf-dist/tex/generic/babel-spanish/spanish.ldf
Language: spanish.ldf 2021/05/27 v5.0q Spanish support from the babel system
\es@quottoks=\toks19
\es@quotdepth=\count195
Package babel Info: Making " an active character on input line 570.
Package babel Info: Making . an active character on input line 675.
Package babel Info: Making < an active character on input line 722.
Package babel Info: Making > an active character on input line 722.
)) (c:/texlive/2022/texmf-dist/tex/generic/babel/locale/es/babel-spanish.tex
Package babel Info: Importing font and identification data for spanish
(babel)             from babel-es.ini. Reported on input line 11.
) (c:/texlive/2022/texmf-dist/tex/latex/hyphenat/hyphenat.sty
Package: hyphenat 2009/09/02 v2.3c hyphenation utilities
\langwohyphens=\language88
LaTeX Info: Redefining \_ on input line 43.
) (c:/texlive/2022/texmf-dist/tex/latex/caption/caption.sty
Package: caption 2022/03/01 v3.6b Customizing captions (AR)
 (c:/texlive/2022/texmf-dist/tex/latex/caption/caption3.sty
Package: caption3 2022/03/17 v2.3b caption3 kernel (AR)
\caption@tempdima=\dimen144
\captionmargin=\dimen145
\caption@leftmargin=\dimen146
\caption@rightmargin=\dimen147
\caption@width=\dimen148
\caption@indent=\dimen149
\caption@parindent=\dimen150
\caption@hangindent=\dimen151
Package caption Info: Standard document class detected.
)
\c@caption@flags=\count196
\c@continuedfloat=\count197
) (c:/texlive/2022/texmf-dist/tex/latex/caption/subcaption.sty
Package: subcaption 2022/01/07 v1.5 Sub-captions (AR)
\c@subfigure=\count198
\c@subtable=\count199
) (c:/texlive/2022/texmf-dist/tex/latex/amsfonts/amssymb.sty
Package: amssymb 2013/01/14 v3.01 AMS font symbols
 (c:/texlive/2022/texmf-dist/tex/latex/amsfonts/amsfonts.sty
Package: amsfonts 2013/01/14 v3.01 Basic AMSFonts support
\@emptytoks=\toks20
\symAMSa=\mathgroup4
\symAMSb=\mathgroup5
LaTeX Font Info:    Redeclaring math symbol \hbar on input line 98.
LaTeX Font Info:    Overwriting math alphabet `\mathfrak' in version `bold'
(Font)                  U/euf/m/n --> U/euf/b/n on input line 106.
)) (c:/texlive/2022/texmf-dist/tex/latex/amsmath/amsmath.sty
Package: amsmath 2022/04/08 v2.17n AMS math features
\@mathmargin=\skip50

For additional information on amsmath, use the `?' option.
(c:/texlive/2022/texmf-dist/tex/latex/amsmath/amstext.sty
Package: amstext 2021/08/26 v2.01 AMS text
 (c:/texlive/2022/texmf-dist/tex/latex/amsmath/amsgen.sty
File: amsgen.sty 1999/11/30 v2.0 generic functions
\@emptytoks=\toks21
\ex@=\dimen152
)) (c:/texlive/2022/texmf-dist/tex/latex/amsmath/amsbsy.sty
Package: amsbsy 1999/11/29 v1.2d Bold Symbols
\pmbraise@=\dimen153
) (c:/texlive/2022/texmf-dist/tex/latex/amsmath/amsopn.sty
Package: amsopn 2022/04/08 v2.04 operator names
)
\inf@bad=\count266
LaTeX Info: Redefining \frac on input line 234.
\uproot@=\count267
\leftroot@=\count268
LaTeX Info: Redefining \overline on input line 399.
LaTeX Info: Redefining \colon on input line 410.
\classnum@=\count269
\DOTSCASE@=\count270
LaTeX Info: Redefining \ldots on input line 496.
LaTeX Info: Redefining \dots on input line 499.
LaTeX Info: Redefining \cdots on input line 620.
\Mathstrutbox@=\box51
\strutbox@=\box52
LaTeX Info: Redefining \big on input line 722.
LaTeX Info: Redefining \Big on input line 723.
LaTeX Info: Redefining \bigg on input line 724.
LaTeX Info: Redefining \Bigg on input line 725.
\big@size=\dimen154
LaTeX Font Info:    Redeclaring font encoding OML on input line 743.
LaTeX Font Info:    Redeclaring font encoding OMS on input line 744.
\macc@depth=\count271
LaTeX Info: Redefining \bmod on input line 905.
LaTeX Info: Redefining \pmod on input line 910.
LaTeX Info: Redefining \smash on input line 940.
LaTeX Info: Redefining \relbar on input line 970.
LaTeX Info: Redefining \Relbar on input line 971.
\c@MaxMatrixCols=\count272
\dotsspace@=\muskip16
\c@parentequation=\count273
\dspbrk@lvl=\count274
\tag@help=\toks22
\row@=\count275
\column@=\count276
\maxfields@=\count277
\andhelp@=\toks23
\eqnshift@=\dimen155
\alignsep@=\dimen156
\tagshift@=\dimen157
\tagwidth@=\dimen158
\totwidth@=\dimen159
\lineht@=\dimen160
\@envbody=\toks24
\multlinegap=\skip51
\multlinetaggap=\skip52
\mathdisplay@stack=\toks25
LaTeX Info: Redefining \[ on input line 2953.
LaTeX Info: Redefining \] on input line 2954.
) (c:/texlive/2022/texmf-dist/tex/latex/amscls/amsthm.sty
Package: amsthm 2020/05/29 v2.20.6
\thm@style=\toks26
\thm@bodyfont=\toks27
\thm@headfont=\toks28
\thm@notefont=\toks29
\thm@headpunct=\toks30
\thm@preskip=\skip53
\thm@postskip=\skip54
\thm@headsep=\skip55
\dth@everypar=\toks31
) (c:/texlive/2022/texmf-dist/tex/latex/gensymb/gensymb.sty
Package: gensymb 2022/10/17 v1.0.2 (KJH)
) (c:/texlive/2022/texmf-dist/tex/latex/fancyhdr/fancyhdr.sty
Package: fancyhdr 2022/11/09 v4.1 Extensive control of page headers and footers
\f@nch@headwidth=\skip56
\f@nch@O@elh=\skip57
\f@nch@O@erh=\skip58
\f@nch@O@olh=\skip59
\f@nch@O@orh=\skip60
\f@nch@O@elf=\skip61
\f@nch@O@erf=\skip62
\f@nch@O@olf=\skip63
\f@nch@O@orf=\skip64
) (c:/texlive/2022/texmf-dist/tex/latex/wrapfig/wrapfig.sty
\wrapoverhang=\dimen161
\WF@size=\dimen162
\c@WF@wrappedlines=\count278
\WF@box=\box53
\WF@everypar=\toks32
Package: wrapfig 2003/01/31  v 3.6
)
\c@theorem=\count279
\c@mydef=\count280
 (c:/texlive/2022/texmf-dist/tex/latex/l3backend/l3backend-pdftex.def
File: l3backend-pdftex.def 2023-01-16 L3 backend support: PDF output (pdfTeX)
\l__color_backend_stack_int=\count281
\l__pdf_internal_box=\box54
) (build/fourier.aux
LaTeX Info: Redefining \. on input line 8.
LaTeX Info: Redefining \% on input line 8.
)
\openout1 = `fourier.aux'.

LaTeX Font Info:    Checking defaults for OML/cmm/m/it on input line 21.
LaTeX Font Info:    ... okay on input line 21.
LaTeX Font Info:    Checking defaults for OMS/cmsy/m/n on input line 21.
LaTeX Font Info:    ... okay on input line 21.
LaTeX Font Info:    Checking defaults for OT1/cmr/m/n on input line 21.
LaTeX Font Info:    ... okay on input line 21.
LaTeX Font Info:    Checking defaults for T1/cmr/m/n on input line 21.
LaTeX Font Info:    ... okay on input line 21.
LaTeX Font Info:    Checking defaults for TS1/cmr/m/n on input line 21.
LaTeX Font Info:    ... okay on input line 21.
LaTeX Font Info:    Checking defaults for OMX/cmex/m/n on input line 21.
LaTeX Font Info:    ... okay on input line 21.
LaTeX Font Info:    Checking defaults for U/cmr/m/n on input line 21.
LaTeX Font Info:    ... okay on input line 21.
 (c:/texlive/2022/texmf-dist/tex/context/base/mkii/supp-pdf.mkii
[Loading MPS to PDF converter (version 2006.09.02).]
\scratchcounter=\count282
\scratchdimen=\dimen163
\scratchbox=\box55
\nofMPsegments=\count283
\nofMParguments=\count284
\everyMPshowfont=\toks33
\MPscratchCnt=\count285
\MPscratchDim=\dimen164
\MPnumerator=\count286
\makeMPintoPDFobject=\count287
\everyMPtoPDFconversion=\toks34
) (c:/texlive/2022/texmf-dist/tex/latex/epstopdf-pkg/epstopdf-base.sty
Package: epstopdf-base 2020-01-24 v2.11 Base part for package epstopdf
Package epstopdf-base Info: Redefining graphics rule for `.eps' on input line 485.
 (c:/texlive/2022/texmf-dist/tex/latex/latexconfig/epstopdf-sys.cfg
File: epstopdf-sys.cfg 2010/07/13 v1.3 Configuration of (r)epstopdf for TeX Live
))
LaTeX Info: Redefining \. on input line 21.
LaTeX Info: Redefining \% on input line 21.
Package caption Info: Begin \AtBeginDocument code.
Package caption Info: wrapfig package is loaded.
Package caption Info: End \AtBeginDocument code.
LaTeX Info: Redefining \celsius on input line 21.
Package gensymb Info: Faking symbols for \degree and \celsius on input line 21.


Package gensymb Warning: Not defining \perthousand.

LaTeX Info: Redefining \ohm on input line 21.
Package gensymb Info: Using \Omega for \ohm on input line 21.

Package gensymb Warning: Not defining \micro.

LaTeX Font Info:    Trying to load font information for U+msa on input line 23.
(c:/texlive/2022/texmf-dist/tex/latex/amsfonts/umsa.fd
File: umsa.fd 2013/01/14 v3.01 AMS symbols A
)
LaTeX Font Info:    Trying to load font information for U+msb on input line 23.
 (c:/texlive/2022/texmf-dist/tex/latex/amsfonts/umsb.fd
File: umsb.fd 2013/01/14 v3.01 AMS symbols B
) [1

{c:/texlive/2022/texmf-var/fonts/map/pdftex/updmap/pdftex.map}] (build/fourier.toc
LaTeX Info: Redefining \. on input line 1.
LaTeX Info: Redefining \% on input line 1.
)
\tf@toc=\write3
\openout3 = `fourier.toc'.

 [1] [2]
<Images T5/sinxcosx.png, id=23, 501.875pt x 501.875pt>
File: Images T5/sinxcosx.png Graphic file (type png)
<use Images T5/sinxcosx.png>
Package pdftex.def Info: Images T5/sinxcosx.png  used on input line 109.
(pdftex.def)             Requested size: 175.49881pt x 175.49806pt.
<Images T5/sinxsinx.png, id=24, 501.875pt x 501.875pt>
File: Images T5/sinxsinx.png Graphic file (type png)
<use Images T5/sinxsinx.png>
Package pdftex.def Info: Images T5/sinxsinx.png  used on input line 113.
(pdftex.def)             Requested size: 175.49881pt x 175.49806pt.
 [3 <./Images T5/sinxcosx.png (PNG copy)> <./Images T5/sinxsinx.png (PNG copy)>]
Overfull \hbox (19.70547pt too wide) in paragraph at lines 144--145
[]\OT1/cmr/m/n/12 Antes de em-pe-zar en pro-fun-di-dad con las se-ries de Fou-rier hay que pro-fun-di-zar
 []

<Images T5/sin2x.png, id=28, 501.875pt x 501.875pt>
File: Images T5/sin2x.png Graphic file (type png)
<use Images T5/sin2x.png>
Package pdftex.def Info: Images T5/sin2x.png  used on input line 156.
(pdftex.def)             Requested size: 157.94785pt x 157.94595pt.
<Images T5/cos4x.png, id=29, 501.875pt x 501.875pt>
File: Images T5/cos4x.png Graphic file (type png)
<use Images T5/cos4x.png>
Package pdftex.def Info: Images T5/cos4x.png  used on input line 161.
(pdftex.def)             Requested size: 157.94785pt x 157.94595pt.

Overfull \hbox (2.28065pt too wide) in paragraph at lines 166--167
[]\OT1/cmr/m/n/12 Si te-ne-mos una fun-ci^^Son con pe-rio-do $2\OML/cmm/m/it/12 L$ \OT1/cmr/m/n/12 po-de-mos con-ver-tir-la en una fun-ci^^Son
 []

[4 <./Images T5/sin2x.png (PNG copy)> <./Images T5/cos4x.png (PNG copy)>]
<Images T5/fconperiodo24pi.png, id=35, 501.875pt x 501.875pt>
File: Images T5/fconperiodo24pi.png Graphic file (type png)
<use Images T5/fconperiodo24pi.png>
Package pdftex.def Info: Images T5/fconperiodo24pi.png  used on input line 195.
(pdftex.def)             Requested size: 253.49762pt x 253.5023pt.
 [5 <./Images T5/fconperiodo24pi.png (PNG copy)>]
Overfull \hbox (22.70692pt too wide) in paragraph at lines 232--233
[]\OT1/cmr/m/n/12 A la ho-ra de cal-cu-lar los co-efi-cien-tes de la se-rie de Fou-rier re-sul-ta es-pe-cial-men-te
 []


Overfull \hbox (5.33287pt too wide) in paragraph at lines 236--237
[]\OT1/cmr/m/n/12 Si es im-par $\OMS/cmsy/m/n/12 ) \OML/cmm/m/it/12 a[] \OT1/cmr/m/n/12 = 0 \OMS/cmsy/m/n/12 8\OML/cmm/m/it/12 n \OMS/cmsy/m/n/12 2 \U/msb/m/n/12 N$\OT1/cmr/m/n/12 , pa-ra que la fun-ci^^Son no ten-ga com-po-nen-te
 []

[6]
Overfull \hbox (2.25009pt too wide) in paragraph at lines 239--240
[]\OT1/cmr/m/n/12 Otro de-ta-lle im-por-tan-te es que si la fun-ci^^Son pre-sen-ta al-gu-na dis-con-ti-nui-dad
 []

<Images T5/funcionescalon.png, id=43, 1204.5pt x 1204.5pt>
File: Images T5/funcionescalon.png Graphic file (type png)
<use Images T5/funcionescalon.png>
Package pdftex.def Info: Images T5/funcionescalon.png  used on input line 243.
(pdftex.def)             Requested size: 175.49881pt x 175.48428pt.
[7 <./Images T5/funcionescalon.png>]
Overfull \hbox (46.38245pt too wide) detected at line 301
\OML/cmm/m/it/12 a[] \OT1/cmr/m/n/12 = [] [][] \OML/cmm/m/it/12 f\OT1/cmr/m/n/12 (\OML/cmm/m/it/12 x\OT1/cmr/m/n/12 ) \OML/cmm/m/it/12 dx a[] \OT1/cmr/m/n/12 = [] [][] \OML/cmm/m/it/12 f\OT1/cmr/m/n/12 (\OML/cmm/m/it/12 x\OT1/cmr/m/n/12 ) [] []  \OML/cmm/m/it/12 dx b[] \OT1/cmr/m/n/12 = [] [][] \OML/cmm/m/it/12 f\OT1/cmr/m/n/12 (\OML/cmm/m/it/12 x\OT1/cmr/m/n/12 ) [] []  \OML/cmm/m/it/12 dx
 []


Overfull \hbox (42.48378pt too wide) in paragraph at lines 309--309
[]\OT1/cmr/bx/n/17.28 Desarrollo de Fou-rier de fun-cio-nes no pe-ri^^Sodi-cas 
 []


Overfull \hbox (6.91684pt too wide) in paragraph at lines 311--312
\OT1/cmr/m/n/12 No obs-tan-te po-de-mos ex-ten-der la fun-ci^^Son a $[\OMS/cmsy/m/n/12 ^^@\OML/cmm/m/it/12 L; L\OT1/cmr/m/n/12 ]$ ha-ci^^Sendo-la par por ejem-plo,
 []

[8]
<Images T5/x2orden3.png, id=53, 395.3169pt x 298.4751pt>
File: Images T5/x2orden3.png Graphic file (type png)
<use Images T5/x2orden3.png>
Package pdftex.def Info: Images T5/x2orden3.png  used on input line 341.
(pdftex.def)             Requested size: 175.49881pt x 132.50447pt.
<Images T5/x2orden10.png, id=54, 395.3169pt x 298.4751pt>
File: Images T5/x2orden10.png Graphic file (type png)
<use Images T5/x2orden10.png>
Package pdftex.def Info: Images T5/x2orden10.png  used on input line 346.
(pdftex.def)             Requested size: 175.49881pt x 132.50447pt.
 [9 <./Images T5/x2orden3.png> <./Images T5/x2orden10.png>]
Overfull \hbox (13.89998pt too wide) in paragraph at lines 370--371
[]\OT1/cmr/m/n/12 Tenemos que el de-sa-rro-llo de Fou-rier tie-ne la si-guien-te ex-pre-si^^Son sim-pli-fi-ca-da: 
 []

[10] (build/fourier.aux
LaTeX Info: Redefining \. on input line 8.
LaTeX Info: Redefining \% on input line 8.
) ) 
Here is how much of TeX's memory you used:
 5947 strings out of 476024
 97795 string characters out of 5794016
 1862382 words of memory out of 5000000
 26334 multiletter control sequences out of 15000+600000
 522945 words of font info for 73 fonts, out of 8000000 for 9000
 1141 hyphenation exceptions out of 8191
 57i,9n,63p,499b,537s stack positions out of 10000i,1000n,20000p,200000b,200000s
<c:/texlive/2022/texmf-dist/fonts/type1/public/amsfonts/cm/cmbx12.pfb><c:/texlive/2022/texmf-dist/fonts/type1/public/amsfonts/cm/cmex10.pfb><c:/texlive/2022/texmf-dist/fonts/type1/public/amsfonts/cm/cmmi10.pfb><c:/texlive/2022/texmf-dist/fonts/type1/public/amsfonts/cm/cmmi12.pfb><c:/texlive/2022/texmf-dist/fonts/type1/public/amsfonts/cm/cmmi8.pfb><c:/texlive/2022/texmf-dist/fonts/type1/public/amsfonts/cm/cmr10.pfb><c:/texlive/2022/texmf-dist/fonts/type1/public/amsfonts/cm/cmr12.pfb><c:/texlive/2022/texmf-dist/fonts/type1/public/amsfonts/cm/cmr17.pfb><c:/texlive/2022/texmf-dist/fonts/type1/public/amsfonts/cm/cmr6.pfb><c:/texlive/2022/texmf-dist/fonts/type1/public/amsfonts/cm/cmr8.pfb><c:/texlive/2022/texmf-dist/fonts/type1/public/amsfonts/cm/cmsy10.pfb><c:/texlive/2022/texmf-dist/fonts/type1/public/amsfonts/cm/cmsy8.pfb><c:/texlive/2022/texmf-dist/fonts/type1/public/amsfonts/cm/cmti12.pfb><c:/texlive/2022/texmf-dist/fonts/type1/public/amsfonts/symbols/msbm10.pfb>
Output written on build/fourier.pdf (11 pages, 470641 bytes).
PDF statistics:
 122 PDF objects out of 1000 (max. 8388607)
 69 compressed objects within 1 object stream
 0 named destinations out of 1000 (max. 500000)
 41 words of extra memory for PDF output out of 10000 (max. 10000000)

