This is pdfTeX, Version 3.141592653-2.6-1.40.24 (TeX Live 2022) (preloaded format=pdflatex 2023.3.18)  10 MAY 2023 18:45
entering extended mode
 restricted \write18 enabled.
 file:line:error style messages enabled.
 %&-line parsing enabled.
**"c:/Users/gbast/OneDrive/Escritorio/Física/metodos 3/Resúmenes/Tema3.tex"
(c:/Users/gbast/OneDrive/Escritorio/Física/metodos 3/Resúmenes/Tema3.tex
LaTeX2e <2022-11-01> patch level 1
L3 programming layer <2023-02-22> (c:/texlive/2022/texmf-dist/tex/latex/base/article.cls
Document Class: article 2022/07/02 v1.4n Standard LaTeX document class
(c:/texlive/2022/texmf-dist/tex/latex/base/size12.clo
File: size12.clo 2022/07/02 v1.4n Standard LaTeX file (size option)
)
\c@part=\count185
\c@section=\count186
\c@subsection=\count187
\c@subsubsection=\count188
\c@paragraph=\count189
\c@subparagraph=\count190
\c@figure=\count191
\c@table=\count192
\abovecaptionskip=\skip48
\belowcaptionskip=\skip49
\bibindent=\dimen140
) (c:/texlive/2022/texmf-dist/tex/latex/base/inputenc.sty
Package: inputenc 2021/02/14 v1.3d Input encoding file
\inpenc@prehook=\toks16
\inpenc@posthook=\toks17
) (c:/texlive/2022/texmf-dist/tex/latex/graphics/graphicx.sty
Package: graphicx 2021/09/16 v1.2d Enhanced LaTeX Graphics (DPC,SPQR)
 (c:/texlive/2022/texmf-dist/tex/latex/graphics/keyval.sty
Package: keyval 2022/05/29 v1.15 key=value parser (DPC)
\KV@toks@=\toks18
) (c:/texlive/2022/texmf-dist/tex/latex/graphics/graphics.sty
Package: graphics 2022/03/10 v1.4e Standard LaTeX Graphics (DPC,SPQR)
 (c:/texlive/2022/texmf-dist/tex/latex/graphics/trig.sty
Package: trig 2021/08/11 v1.11 sin cos tan (DPC)
) (c:/texlive/2022/texmf-dist/tex/latex/graphics-cfg/graphics.cfg
File: graphics.cfg 2016/06/04 v1.11 sample graphics configuration
)
Package graphics Info: Driver file: pdftex.def on input line 107.
 (c:/texlive/2022/texmf-dist/tex/latex/graphics-def/pdftex.def
File: pdftex.def 2022/09/22 v1.2b Graphics/color driver for pdftex
))
\Gin@req@height=\dimen141
\Gin@req@width=\dimen142
) (c:/texlive/2022/texmf-dist/tex/generic/babel/babel.sty
Package: babel 2023/02/13 3.86 The Babel package
\babel@savecnt=\count193
\U@D=\dimen143
\l@unhyphenated=\language87
 (c:/texlive/2022/texmf-dist/tex/generic/babel/txtbabel.def)
\bbl@readstream=\read2
\bbl@dirlevel=\count194
 (c:/texlive/2022/texmf-dist/tex/generic/babel-spanish/spanish.ldf
Language: spanish.ldf 2021/05/27 v5.0q Spanish support from the babel system
\es@quottoks=\toks19
\es@quotdepth=\count195
Package babel Info: Making " an active character on input line 570.
Package babel Info: Making . an active character on input line 675.
Package babel Info: Making < an active character on input line 722.
Package babel Info: Making > an active character on input line 722.
)) (c:/texlive/2022/texmf-dist/tex/generic/babel/locale/es/babel-spanish.tex
Package babel Info: Importing font and identification data for spanish
(babel)             from babel-es.ini. Reported on input line 11.
) (c:/texlive/2022/texmf-dist/tex/latex/hyphenat/hyphenat.sty
Package: hyphenat 2009/09/02 v2.3c hyphenation utilities
\langwohyphens=\language88
LaTeX Info: Redefining \_ on input line 43.
) (c:/texlive/2022/texmf-dist/tex/latex/caption/caption.sty
Package: caption 2022/03/01 v3.6b Customizing captions (AR)
 (c:/texlive/2022/texmf-dist/tex/latex/caption/caption3.sty
Package: caption3 2022/03/17 v2.3b caption3 kernel (AR)
\caption@tempdima=\dimen144
\captionmargin=\dimen145
\caption@leftmargin=\dimen146
\caption@rightmargin=\dimen147
\caption@width=\dimen148
\caption@indent=\dimen149
\caption@parindent=\dimen150
\caption@hangindent=\dimen151
Package caption Info: Standard document class detected.
)
\c@caption@flags=\count196
\c@continuedfloat=\count197
) (c:/texlive/2022/texmf-dist/tex/latex/caption/subcaption.sty
Package: subcaption 2022/01/07 v1.5 Sub-captions (AR)
\c@subfigure=\count198
\c@subtable=\count199
) (c:/texlive/2022/texmf-dist/tex/latex/amsfonts/amssymb.sty
Package: amssymb 2013/01/14 v3.01 AMS font symbols
 (c:/texlive/2022/texmf-dist/tex/latex/amsfonts/amsfonts.sty
Package: amsfonts 2013/01/14 v3.01 Basic AMSFonts support
\@emptytoks=\toks20
\symAMSa=\mathgroup4
\symAMSb=\mathgroup5
LaTeX Font Info:    Redeclaring math symbol \hbar on input line 98.
LaTeX Font Info:    Overwriting math alphabet `\mathfrak' in version `bold'
(Font)                  U/euf/m/n --> U/euf/b/n on input line 106.
)) (c:/texlive/2022/texmf-dist/tex/latex/amsmath/amsmath.sty
Package: amsmath 2022/04/08 v2.17n AMS math features
\@mathmargin=\skip50

For additional information on amsmath, use the `?' option.
(c:/texlive/2022/texmf-dist/tex/latex/amsmath/amstext.sty
Package: amstext 2021/08/26 v2.01 AMS text
 (c:/texlive/2022/texmf-dist/tex/latex/amsmath/amsgen.sty
File: amsgen.sty 1999/11/30 v2.0 generic functions
\@emptytoks=\toks21
\ex@=\dimen152
)) (c:/texlive/2022/texmf-dist/tex/latex/amsmath/amsbsy.sty
Package: amsbsy 1999/11/29 v1.2d Bold Symbols
\pmbraise@=\dimen153
) (c:/texlive/2022/texmf-dist/tex/latex/amsmath/amsopn.sty
Package: amsopn 2022/04/08 v2.04 operator names
)
\inf@bad=\count266
LaTeX Info: Redefining \frac on input line 234.
\uproot@=\count267
\leftroot@=\count268
LaTeX Info: Redefining \overline on input line 399.
LaTeX Info: Redefining \colon on input line 410.
\classnum@=\count269
\DOTSCASE@=\count270
LaTeX Info: Redefining \ldots on input line 496.
LaTeX Info: Redefining \dots on input line 499.
LaTeX Info: Redefining \cdots on input line 620.
\Mathstrutbox@=\box51
\strutbox@=\box52
LaTeX Info: Redefining \big on input line 722.
LaTeX Info: Redefining \Big on input line 723.
LaTeX Info: Redefining \bigg on input line 724.
LaTeX Info: Redefining \Bigg on input line 725.
\big@size=\dimen154
LaTeX Font Info:    Redeclaring font encoding OML on input line 743.
LaTeX Font Info:    Redeclaring font encoding OMS on input line 744.
\macc@depth=\count271
LaTeX Info: Redefining \bmod on input line 905.
LaTeX Info: Redefining \pmod on input line 910.
LaTeX Info: Redefining \smash on input line 940.
LaTeX Info: Redefining \relbar on input line 970.
LaTeX Info: Redefining \Relbar on input line 971.
\c@MaxMatrixCols=\count272
\dotsspace@=\muskip16
\c@parentequation=\count273
\dspbrk@lvl=\count274
\tag@help=\toks22
\row@=\count275
\column@=\count276
\maxfields@=\count277
\andhelp@=\toks23
\eqnshift@=\dimen155
\alignsep@=\dimen156
\tagshift@=\dimen157
\tagwidth@=\dimen158
\totwidth@=\dimen159
\lineht@=\dimen160
\@envbody=\toks24
\multlinegap=\skip51
\multlinetaggap=\skip52
\mathdisplay@stack=\toks25
LaTeX Info: Redefining \[ on input line 2953.
LaTeX Info: Redefining \] on input line 2954.
) (c:/texlive/2022/texmf-dist/tex/latex/gensymb/gensymb.sty
Package: gensymb 2022/10/17 v1.0.2 (KJH)
) (c:/texlive/2022/texmf-dist/tex/latex/fancyhdr/fancyhdr.sty
Package: fancyhdr 2022/11/09 v4.1 Extensive control of page headers and footers
\f@nch@headwidth=\skip53
\f@nch@O@elh=\skip54
\f@nch@O@erh=\skip55
\f@nch@O@olh=\skip56
\f@nch@O@orh=\skip57
\f@nch@O@elf=\skip58
\f@nch@O@erf=\skip59
\f@nch@O@olf=\skip60
\f@nch@O@orf=\skip61
) (c:/texlive/2022/texmf-dist/tex/latex/wrapfig/wrapfig.sty
\wrapoverhang=\dimen161
\WF@size=\dimen162
\c@WF@wrappedlines=\count278
\WF@box=\box53
\WF@everypar=\toks26
Package: wrapfig 2003/01/31  v 3.6
) (c:/texlive/2022/texmf-dist/tex/latex/l3backend/l3backend-pdftex.def
File: l3backend-pdftex.def 2023-01-16 L3 backend support: PDF output (pdfTeX)
\l__color_backend_stack_int=\count279
\l__pdf_internal_box=\box54
) (build/Tema3.aux
LaTeX Info: Redefining \. on input line 8.
LaTeX Info: Redefining \% on input line 8.
)
\openout1 = `Tema3.aux'.

LaTeX Font Info:    Checking defaults for OML/cmm/m/it on input line 19.
LaTeX Font Info:    ... okay on input line 19.
LaTeX Font Info:    Checking defaults for OMS/cmsy/m/n on input line 19.
LaTeX Font Info:    ... okay on input line 19.
LaTeX Font Info:    Checking defaults for OT1/cmr/m/n on input line 19.
LaTeX Font Info:    ... okay on input line 19.
LaTeX Font Info:    Checking defaults for T1/cmr/m/n on input line 19.
LaTeX Font Info:    ... okay on input line 19.
LaTeX Font Info:    Checking defaults for TS1/cmr/m/n on input line 19.
LaTeX Font Info:    ... okay on input line 19.
LaTeX Font Info:    Checking defaults for OMX/cmex/m/n on input line 19.
LaTeX Font Info:    ... okay on input line 19.
LaTeX Font Info:    Checking defaults for U/cmr/m/n on input line 19.
LaTeX Font Info:    ... okay on input line 19.
 (c:/texlive/2022/texmf-dist/tex/context/base/mkii/supp-pdf.mkii
[Loading MPS to PDF converter (version 2006.09.02).]
\scratchcounter=\count280
\scratchdimen=\dimen163
\scratchbox=\box55
\nofMPsegments=\count281
\nofMParguments=\count282
\everyMPshowfont=\toks27
\MPscratchCnt=\count283
\MPscratchDim=\dimen164
\MPnumerator=\count284
\makeMPintoPDFobject=\count285
\everyMPtoPDFconversion=\toks28
) (c:/texlive/2022/texmf-dist/tex/latex/epstopdf-pkg/epstopdf-base.sty
Package: epstopdf-base 2020-01-24 v2.11 Base part for package epstopdf
Package epstopdf-base Info: Redefining graphics rule for `.eps' on input line 485.
 (c:/texlive/2022/texmf-dist/tex/latex/latexconfig/epstopdf-sys.cfg
File: epstopdf-sys.cfg 2010/07/13 v1.3 Configuration of (r)epstopdf for TeX Live
))
LaTeX Info: Redefining \. on input line 19.
LaTeX Info: Redefining \% on input line 19.
Package caption Info: Begin \AtBeginDocument code.
Package caption Info: wrapfig package is loaded.
Package caption Info: End \AtBeginDocument code.
LaTeX Info: Redefining \celsius on input line 19.
Package gensymb Info: Faking symbols for \degree and \celsius on input line 19.


Package gensymb Warning: Not defining \perthousand.

LaTeX Info: Redefining \ohm on input line 19.
Package gensymb Info: Using \Omega for \ohm on input line 19.

Package gensymb Warning: Not defining \micro.

LaTeX Font Info:    Trying to load font information for U+msa on input line 21.
(c:/texlive/2022/texmf-dist/tex/latex/amsfonts/umsa.fd
File: umsa.fd 2013/01/14 v3.01 AMS symbols A
)
LaTeX Font Info:    Trying to load font information for U+msb on input line 21.
 (c:/texlive/2022/texmf-dist/tex/latex/amsfonts/umsb.fd
File: umsb.fd 2013/01/14 v3.01 AMS symbols B
) [1

{c:/texlive/2022/texmf-var/fonts/map/pdftex/updmap/pdftex.map}] (build/Tema3.toc
LaTeX Info: Redefining \. on input line 1.
LaTeX Info: Redefining \% on input line 1.
)
\tf@toc=\write3
\openout3 = `Tema3.toc'.

 [1]
<Images integrales/sumaRiemann.jpg, id=12, 315.1775pt x 161.60374pt>
File: Images integrales/sumaRiemann.jpg Graphic file (type jpg)
<use Images integrales/sumaRiemann.jpg>
Package pdftex.def Info: Images integrales/sumaRiemann.jpg  used on input line 48.
(pdftex.def)             Requested size: 292.5pt x 149.98416pt.
 [2 <./Images integrales/sumaRiemann.jpg>]
Overfull \hbox (1.24998pt too wide) in paragraph at lines 66--67
[]\OT1/cmr/m/n/12 Sabemos que el ^^Sarea ba-jo la cur-va de una fun-ci^^Son real, $\OML/cmm/m/it/12 f\OT1/cmr/m/n/12 (\OML/cmm/m/it/12 x\OT1/cmr/m/n/12 )$, se co-rres-pon-de
 []

<Images integrales/funcion1.png, id=23, 409.7709pt x 354.123pt>
File: Images integrales/funcion1.png Graphic file (type png)
<use Images integrales/funcion1.png>
Package pdftex.def Info: Images integrales/funcion1.png  used on input line 80.
(pdftex.def)             Requested size: 179.3963pt x 155.03108pt.

Overfull \hbox (23.39868pt too wide) in paragraph at lines 80--81
 [][] 
 []

<Images integrales/funcion1Volumen.png, id=25, 362.0727pt x 348.3414pt>
File: Images integrales/funcion1Volumen.png Graphic file (type png)
<use Images integrales/funcion1Volumen.png>
Package pdftex.def Info: Images integrales/funcion1Volumen.png  used on input line 84.
(pdftex.def)             Requested size: 163.79797pt x 157.58667pt.

Overfull \hbox (7.80035pt too wide) in paragraph at lines 84--85
 [][] 
 []


Overfull \hbox (1.07095pt too wide) in paragraph at lines 89--90
[]\OT1/cmr/m/n/12 El con-cep-to de su-ma de Rie-mann es f^^Sacil-men-te ex-ten-si-ble a es-tas in-te-gra-les
 []

[3 <./Images integrales/funcion1.png> <./Images integrales/funcion1Volumen.png>]
<Images integrales/particionesRegulares.png, id=31, 300.12125pt x 179.16937pt>
File: Images integrales/particionesRegulares.png Graphic file (type png)
<use Images integrales/particionesRegulares.png>
Package pdftex.def Info: Images integrales/particionesRegulares.png  used on input line 101.
(pdftex.def)             Requested size: 292.5pt x 174.63338pt.
 [4 <./Images integrales/particionesRegulares.png>]
Overfull \hbox (16.54161pt too wide) in paragraph at lines 141--142
[]\OT1/cmr/m/n/12 Hasta aho-ra est^^Saba-mos con-si-de-ran-do que las re-gio-nes en las que in-tegr^^Saba-mos
 []

<Images integrales/regnotriangular.png, id=36, 500.8311pt x 380.1402pt>
File: Images integrales/regnotriangular.png Graphic file (type png)
<use Images integrales/regnotriangular.png>
Package pdftex.def Info: Images integrales/regnotriangular.png  used on input line 145.
(pdftex.def)             Requested size: 253.49762pt x 192.40721pt.

LaTeX Warning: `!h' float specifier changed to `!ht'.

[5] [6 <./Images integrales/regnotriangular.png>] [7]
Overfull \hbox (1.35844pt too wide) in paragraph at lines 216--217
\OT1/cmr/m/n/12 con-vie-ne ex-pre-sar-la co-mo una re-gi^^Son de ti-po II. En la si-guien-te fi-gu-ra po-de-mos
 []

<Images integrales/regDisco.png, id=49, 507.3354pt x 380.1402pt>
File: Images integrales/regDisco.png Graphic file (type png)
<use Images integrales/regDisco.png>
Package pdftex.def Info: Images integrales/regDisco.png  used on input line 222.
(pdftex.def)             Requested size: 155.99762pt x 116.88516pt.
<Images integrales/regDisco2.png, id=50, 307.90031pt x 328.22626pt>
File: Images integrales/regDisco2.png Graphic file (type png)
<use Images integrales/regDisco2.png>
Package pdftex.def Info: Images integrales/regDisco2.png  used on input line 226.
(pdftex.def)             Requested size: 140.3969pt x 149.66872pt.

Overfull \hbox (5.47923pt too wide) in paragraph at lines 242--243
[]\OT1/cmr/m/n/12 En oca-sio-nes es m^^Sas con-ve-nien-te rea-li-zar la in-te-gral en coor-de-na-das po-la-res,
 []

[8 <./Images integrales/regDisco.png> <./Images integrales/regDisco2.png>]
<Images integrales/vecPolares.png, id=56, 454.5783pt x 339.669pt>
File: Images integrales/vecPolares.png Graphic file (type png)
<use Images integrales/vecPolares.png>
Package pdftex.def Info: Images integrales/vecPolares.png  used on input line 250.
(pdftex.def)             Requested size: 292.5pt x 218.56393pt.
 [9 <./Images integrales/vecPolares.png>]
Overfull \hbox (15.62624pt too wide) in paragraph at lines 279--280
[]\OT1/cmr/m/n/12 Donde $\OML/cmm/m/it/12 R[]$ \OT1/cmr/m/n/12 es la re-gi^^Son de-fi-ni-da en el es-pa-cio $(\OML/cmm/m/it/12 u; v\OT1/cmr/m/n/12 )$, $\OML/cmm/m/it/12 f\OT1/cmr/m/n/12 (\OML/cmm/m/it/12 u; v\OT1/cmr/m/n/12 ) = \OML/cmm/m/it/12 f\OT1/cmr/m/n/12 (\OML/cmm/m/it/12 x\OT1/cmr/m/n/12 (\OML/cmm/m/it/12 u; v\OT1/cmr/m/n/12 )\OML/cmm/m/it/12 ; y\OT1/cmr/m/n/12 (\OML/cmm/m/it/12 u; v\OT1/cmr/m/n/12 ))$
 []

<Images integrales/dApolares.png, id=61, 453.695pt x 158.5925pt>
File: Images integrales/dApolares.png Graphic file (type png)
<use Images integrales/dApolares.png>
Package pdftex.def Info: Images integrales/dApolares.png  used on input line 307.
(pdftex.def)             Requested size: 331.50238pt x 115.88043pt.
[10 <./Images integrales/dApolares.png>]
<Images integrales/integralPolares.png, id=67, 359.9046pt x 348.3414pt>
File: Images integrales/integralPolares.png Graphic file (type png)
<use Images integrales/integralPolares.png>
Package pdftex.def Info: Images integrales/integralPolares.png  used on input line 340.
(pdftex.def)             Requested size: 214.50119pt x 207.61385pt.
 [11 <./Images integrales/integralPolares.png>]
<Images integrales/volumen3d1.png, id=72, 356.33125pt x 343.2825pt>
File: Images integrales/volumen3d1.png Graphic file (type png)
<use Images integrales/volumen3d1.png>
Package pdftex.def Info: Images integrales/volumen3d1.png  used on input line 360.
(pdftex.def)             Requested size: 214.50119pt x 206.64679pt.
<Images integrales/volumen3d2.png, id=73, 356.33125pt x 343.2825pt>
File: Images integrales/volumen3d2.png Graphic file (type png)
<use Images integrales/volumen3d2.png>
Package pdftex.def Info: Images integrales/volumen3d2.png  used on input line 368.
(pdftex.def)             Requested size: 214.50119pt x 206.64679pt.


LaTeX Warning: `!h' float specifier changed to `!ht'.

<Images integrales/volumen3d3.png, id=74, 356.33125pt x 343.2825pt>
File: Images integrales/volumen3d3.png Graphic file (type png)
<use Images integrales/volumen3d3.png>
Package pdftex.def Info: Images integrales/volumen3d3.png  used on input line 376.
(pdftex.def)             Requested size: 214.50119pt x 206.64679pt.
[12 <./Images integrales/volumen3d1.png>] [13 <./Images integrales/volumen3d2.png> <./Images integrales/volumen3d3.png>]
Overfull \hbox (6.89449pt too wide) in paragraph at lines 392--393
\OT1/cmr/m/n/12 des-ta-car que en las in-te-gra-les en tres di-men-sio-nes cuan-do la fun-ci^^Son $\OML/cmm/m/it/12 f\OT1/cmr/m/n/12 (\OML/cmm/m/it/12 x; y; z\OT1/cmr/m/n/12 ) =
 []


Overfull \hbox (14.92226pt too wide) in paragraph at lines 394--395
[]$[][]$ 
 []

[14]
<Images integrales/dAcilindricas.png, id=88, 504.38437pt x 168.12813pt>
File: Images integrales/dAcilindricas.png Graphic file (type png)
<use Images integrales/dAcilindricas.png>
Package pdftex.def Info: Images integrales/dAcilindricas.png  used on input line 431.
(pdftex.def)             Requested size: 253.49762pt x 84.49997pt.
 [15 <./Images integrales/dAcilindricas.png>]
<Images integrales/dAesfericas.png, id=93, 568.62437pt x 160.09813pt>
File: Images integrales/dAesfericas.png Graphic file (type png)
<use Images integrales/dAesfericas.png>
Package pdftex.def Info: Images integrales/dAesfericas.png  used on input line 475.
(pdftex.def)             Requested size: 253.49762pt x 71.37413pt.
 [16 <./Images integrales/dAesfericas.png>] (build/Tema3.aux
LaTeX Info: Redefining \. on input line 8.
LaTeX Info: Redefining \% on input line 8.
) ) 
Here is how much of TeX's memory you used:
 5893 strings out of 476024
 98527 string characters out of 5794016
 1865382 words of memory out of 5000000
 26277 multiletter control sequences out of 15000+600000
 521050 words of font info for 66 fonts, out of 8000000 for 9000
 1141 hyphenation exceptions out of 8191
 57i,12n,63p,1152b,412s stack positions out of 10000i,1000n,20000p,200000b,200000s
<c:/texlive/2022/texmf-dist/fonts/type1/public/amsfonts/cm/cmbx12.pfb><c:/texlive/2022/texmf-dist/fonts/type1/public/amsfonts/cm/cmex10.pfb><c:/texlive/2022/texmf-dist/fonts/type1/public/amsfonts/cm/cmmi12.pfb><c:/texlive/2022/texmf-dist/fonts/type1/public/amsfonts/cm/cmmi6.pfb><c:/texlive/2022/texmf-dist/fonts/type1/public/amsfonts/cm/cmmi8.pfb><c:/texlive/2022/texmf-dist/fonts/type1/public/amsfonts/cm/cmr12.pfb><c:/texlive/2022/texmf-dist/fonts/type1/public/amsfonts/cm/cmr17.pfb><c:/texlive/2022/texmf-dist/fonts/type1/public/amsfonts/cm/cmr6.pfb><c:/texlive/2022/texmf-dist/fonts/type1/public/amsfonts/cm/cmr8.pfb><c:/texlive/2022/texmf-dist/fonts/type1/public/amsfonts/cm/cmsy10.pfb><c:/texlive/2022/texmf-dist/fonts/type1/public/amsfonts/cm/cmsy6.pfb><c:/texlive/2022/texmf-dist/fonts/type1/public/amsfonts/cm/cmsy8.pfb><c:/texlive/2022/texmf-dist/fonts/type1/public/amsfonts/symbols/msbm10.pfb>
Output written on build/Tema3.pdf (17 pages, 915943 bytes).
PDF statistics:
 154 PDF objects out of 1000 (max. 8388607)
 79 compressed objects within 1 object stream
 0 named destinations out of 1000 (max. 500000)
 76 words of extra memory for PDF output out of 10000 (max. 10000000)

