This is pdfTeX, Version 3.141592653-2.6-1.40.24 (TeX Live 2022) (preloaded format=pdflatex 2023.3.18)  27 MAR 2023 13:04
entering extended mode
 restricted \write18 enabled.
 file:line:error style messages enabled.
 %&-line parsing enabled.
**"c:/Users/gbast/OneDrive/Escritorio/F√≠sica/metodos 3/Res√∫menes/Tema 1.tex"
(c:/Users/gbast/OneDrive/Escritorio/F√≠sica/metodos 3/Res√∫menes/Tema 1.tex
LaTeX2e <2022-11-01> patch level 1
L3 programming layer <2023-02-22> (c:/texlive/2022/texmf-dist/tex/latex/base/article.cls
Document Class: article 2022/07/02 v1.4n Standard LaTeX document class
(c:/texlive/2022/texmf-dist/tex/latex/base/size12.clo
File: size12.clo 2022/07/02 v1.4n Standard LaTeX file (size option)
)
\c@part=\count185
\c@section=\count186
\c@subsection=\count187
\c@subsubsection=\count188
\c@paragraph=\count189
\c@subparagraph=\count190
\c@figure=\count191
\c@table=\count192
\abovecaptionskip=\skip48
\belowcaptionskip=\skip49
\bibindent=\dimen140
) (c:/texlive/2022/texmf-dist/tex/latex/base/inputenc.sty
Package: inputenc 2021/02/14 v1.3d Input encoding file
\inpenc@prehook=\toks16
\inpenc@posthook=\toks17
) (c:/texlive/2022/texmf-dist/tex/latex/graphics/graphicx.sty
Package: graphicx 2021/09/16 v1.2d Enhanced LaTeX Graphics (DPC,SPQR)
 (c:/texlive/2022/texmf-dist/tex/latex/graphics/keyval.sty
Package: keyval 2022/05/29 v1.15 key=value parser (DPC)
\KV@toks@=\toks18
) (c:/texlive/2022/texmf-dist/tex/latex/graphics/graphics.sty
Package: graphics 2022/03/10 v1.4e Standard LaTeX Graphics (DPC,SPQR)
 (c:/texlive/2022/texmf-dist/tex/latex/graphics/trig.sty
Package: trig 2021/08/11 v1.11 sin cos tan (DPC)
) (c:/texlive/2022/texmf-dist/tex/latex/graphics-cfg/graphics.cfg
File: graphics.cfg 2016/06/04 v1.11 sample graphics configuration
)
Package graphics Info: Driver file: pdftex.def on input line 107.
 (c:/texlive/2022/texmf-dist/tex/latex/graphics-def/pdftex.def
File: pdftex.def 2022/09/22 v1.2b Graphics/color driver for pdftex
))
\Gin@req@height=\dimen141
\Gin@req@width=\dimen142
) (c:/texlive/2022/texmf-dist/tex/generic/babel/babel.sty
Package: babel 2023/02/13 3.86 The Babel package
\babel@savecnt=\count193
\U@D=\dimen143
\l@unhyphenated=\language87
 (c:/texlive/2022/texmf-dist/tex/generic/babel/txtbabel.def)
\bbl@readstream=\read2
\bbl@dirlevel=\count194
 (c:/texlive/2022/texmf-dist/tex/generic/babel-spanish/spanish.ldf
Language: spanish.ldf 2021/05/27 v5.0q Spanish support from the babel system
\es@quottoks=\toks19
\es@quotdepth=\count195
Package babel Info: Making " an active character on input line 570.
Package babel Info: Making . an active character on input line 675.
Package babel Info: Making < an active character on input line 722.
Package babel Info: Making > an active character on input line 722.
)) (c:/texlive/2022/texmf-dist/tex/generic/babel/locale/es/babel-spanish.tex
Package babel Info: Importing font and identification data for spanish
(babel)             from babel-es.ini. Reported on input line 11.
) (c:/texlive/2022/texmf-dist/tex/latex/hyphenat/hyphenat.sty
Package: hyphenat 2009/09/02 v2.3c hyphenation utilities
\langwohyphens=\language88
LaTeX Info: Redefining \_ on input line 43.
) (c:/texlive/2022/texmf-dist/tex/latex/caption/caption.sty
Package: caption 2022/03/01 v3.6b Customizing captions (AR)
 (c:/texlive/2022/texmf-dist/tex/latex/caption/caption3.sty
Package: caption3 2022/03/17 v2.3b caption3 kernel (AR)
\caption@tempdima=\dimen144
\captionmargin=\dimen145
\caption@leftmargin=\dimen146
\caption@rightmargin=\dimen147
\caption@width=\dimen148
\caption@indent=\dimen149
\caption@parindent=\dimen150
\caption@hangindent=\dimen151
Package caption Info: Standard document class detected.
)
\c@caption@flags=\count196
\c@continuedfloat=\count197
) (c:/texlive/2022/texmf-dist/tex/latex/caption/subcaption.sty
Package: subcaption 2022/01/07 v1.5 Sub-captions (AR)
\c@subfigure=\count198
\c@subtable=\count199
) (c:/texlive/2022/texmf-dist/tex/latex/amsfonts/amssymb.sty
Package: amssymb 2013/01/14 v3.01 AMS font symbols
 (c:/texlive/2022/texmf-dist/tex/latex/amsfonts/amsfonts.sty
Package: amsfonts 2013/01/14 v3.01 Basic AMSFonts support
\@emptytoks=\toks20
\symAMSa=\mathgroup4
\symAMSb=\mathgroup5
LaTeX Font Info:    Redeclaring math symbol \hbar on input line 98.
LaTeX Font Info:    Overwriting math alphabet `\mathfrak' in version `bold'
(Font)                  U/euf/m/n --> U/euf/b/n on input line 106.
)) (c:/texlive/2022/texmf-dist/tex/latex/amsmath/amsmath.sty
Package: amsmath 2022/04/08 v2.17n AMS math features
\@mathmargin=\skip50

For additional information on amsmath, use the `?' option.
(c:/texlive/2022/texmf-dist/tex/latex/amsmath/amstext.sty
Package: amstext 2021/08/26 v2.01 AMS text
 (c:/texlive/2022/texmf-dist/tex/latex/amsmath/amsgen.sty
File: amsgen.sty 1999/11/30 v2.0 generic functions
\@emptytoks=\toks21
\ex@=\dimen152
)) (c:/texlive/2022/texmf-dist/tex/latex/amsmath/amsbsy.sty
Package: amsbsy 1999/11/29 v1.2d Bold Symbols
\pmbraise@=\dimen153
) (c:/texlive/2022/texmf-dist/tex/latex/amsmath/amsopn.sty
Package: amsopn 2022/04/08 v2.04 operator names
)
\inf@bad=\count266
LaTeX Info: Redefining \frac on input line 234.
\uproot@=\count267
\leftroot@=\count268
LaTeX Info: Redefining \overline on input line 399.
LaTeX Info: Redefining \colon on input line 410.
\classnum@=\count269
\DOTSCASE@=\count270
LaTeX Info: Redefining \ldots on input line 496.
LaTeX Info: Redefining \dots on input line 499.
LaTeX Info: Redefining \cdots on input line 620.
\Mathstrutbox@=\box51
\strutbox@=\box52
LaTeX Info: Redefining \big on input line 722.
LaTeX Info: Redefining \Big on input line 723.
LaTeX Info: Redefining \bigg on input line 724.
LaTeX Info: Redefining \Bigg on input line 725.
\big@size=\dimen154
LaTeX Font Info:    Redeclaring font encoding OML on input line 743.
LaTeX Font Info:    Redeclaring font encoding OMS on input line 744.
\macc@depth=\count271
LaTeX Info: Redefining \bmod on input line 905.
LaTeX Info: Redefining \pmod on input line 910.
LaTeX Info: Redefining \smash on input line 940.
LaTeX Info: Redefining \relbar on input line 970.
LaTeX Info: Redefining \Relbar on input line 971.
\c@MaxMatrixCols=\count272
\dotsspace@=\muskip16
\c@parentequation=\count273
\dspbrk@lvl=\count274
\tag@help=\toks22
\row@=\count275
\column@=\count276
\maxfields@=\count277
\andhelp@=\toks23
\eqnshift@=\dimen155
\alignsep@=\dimen156
\tagshift@=\dimen157
\tagwidth@=\dimen158
\totwidth@=\dimen159
\lineht@=\dimen160
\@envbody=\toks24
\multlinegap=\skip51
\multlinetaggap=\skip52
\mathdisplay@stack=\toks25
LaTeX Info: Redefining \[ on input line 2953.
LaTeX Info: Redefining \] on input line 2954.
) (c:/texlive/2022/texmf-dist/tex/latex/gensymb/gensymb.sty
Package: gensymb 2022/10/17 v1.0.2 (KJH)
) (c:/texlive/2022/texmf-dist/tex/latex/fancyhdr/fancyhdr.sty
Package: fancyhdr 2022/11/09 v4.1 Extensive control of page headers and footers
\f@nch@headwidth=\skip53
\f@nch@O@elh=\skip54
\f@nch@O@erh=\skip55
\f@nch@O@olh=\skip56
\f@nch@O@orh=\skip57
\f@nch@O@elf=\skip58
\f@nch@O@erf=\skip59
\f@nch@O@olf=\skip60
\f@nch@O@orf=\skip61
) (c:/texlive/2022/texmf-dist/tex/latex/wrapfig/wrapfig.sty
\wrapoverhang=\dimen161
\WF@size=\dimen162
\c@WF@wrappedlines=\count278
\WF@box=\box53
\WF@everypar=\toks26
Package: wrapfig 2003/01/31  v 3.6
) (c:/texlive/2022/texmf-dist/tex/latex/l3backend/l3backend-pdftex.def
File: l3backend-pdftex.def 2023-01-16 L3 backend support: PDF output (pdfTeX)
\l__color_backend_stack_int=\count279
\l__pdf_internal_box=\box54
) (build/Tema 1.aux
LaTeX Info: Redefining \. on input line 8.
LaTeX Info: Redefining \% on input line 8.
)
\openout1 = `"Tema 1.aux"'.

LaTeX Font Info:    Checking defaults for OML/cmm/m/it on input line 20.
LaTeX Font Info:    ... okay on input line 20.
LaTeX Font Info:    Checking defaults for OMS/cmsy/m/n on input line 20.
LaTeX Font Info:    ... okay on input line 20.
LaTeX Font Info:    Checking defaults for OT1/cmr/m/n on input line 20.
LaTeX Font Info:    ... okay on input line 20.
LaTeX Font Info:    Checking defaults for T1/cmr/m/n on input line 20.
LaTeX Font Info:    ... okay on input line 20.
LaTeX Font Info:    Checking defaults for TS1/cmr/m/n on input line 20.
LaTeX Font Info:    ... okay on input line 20.
LaTeX Font Info:    Checking defaults for OMX/cmex/m/n on input line 20.
LaTeX Font Info:    ... okay on input line 20.
LaTeX Font Info:    Checking defaults for U/cmr/m/n on input line 20.
LaTeX Font Info:    ... okay on input line 20.
 (c:/texlive/2022/texmf-dist/tex/context/base/mkii/supp-pdf.mkii
[Loading MPS to PDF converter (version 2006.09.02).]
\scratchcounter=\count280
\scratchdimen=\dimen163
\scratchbox=\box55
\nofMPsegments=\count281
\nofMParguments=\count282
\everyMPshowfont=\toks27
\MPscratchCnt=\count283
\MPscratchDim=\dimen164
\MPnumerator=\count284
\makeMPintoPDFobject=\count285
\everyMPtoPDFconversion=\toks28
) (c:/texlive/2022/texmf-dist/tex/latex/epstopdf-pkg/epstopdf-base.sty
Package: epstopdf-base 2020-01-24 v2.11 Base part for package epstopdf
Package epstopdf-base Info: Redefining graphics rule for `.eps' on input line 485.
 (c:/texlive/2022/texmf-dist/tex/latex/latexconfig/epstopdf-sys.cfg
File: epstopdf-sys.cfg 2010/07/13 v1.3 Configuration of (r)epstopdf for TeX Live
))
LaTeX Info: Redefining \. on input line 20.
LaTeX Info: Redefining \% on input line 20.
Package caption Info: Begin \AtBeginDocument code.
Package caption Info: wrapfig package is loaded.
Package caption Info: End \AtBeginDocument code.
LaTeX Info: Redefining \celsius on input line 20.
Package gensymb Info: Faking symbols for \degree and \celsius on input line 20.


Package gensymb Warning: Not defining \perthousand.

LaTeX Info: Redefining \ohm on input line 20.
Package gensymb Info: Using \Omega for \ohm on input line 20.

Package gensymb Warning: Not defining \micro.

LaTeX Font Info:    Trying to load font information for U+msa on input line 22.
(c:/texlive/2022/texmf-dist/tex/latex/amsfonts/umsa.fd
File: umsa.fd 2013/01/14 v3.01 AMS symbols A
)
LaTeX Font Info:    Trying to load font information for U+msb on input line 22.
 (c:/texlive/2022/texmf-dist/tex/latex/amsfonts/umsb.fd
File: umsb.fd 2013/01/14 v3.01 AMS symbols B
) [1

{c:/texlive/2022/texmf-var/fonts/map/pdftex/updmap/pdftex.map}] (build/Tema 1.toc
LaTeX Info: Redefining \. on input line 1.
LaTeX Info: Redefining \% on input line 1.

Overfull \hbox (4.0432pt too wide) in paragraph at lines 15--15
 [][] []\OT1/cmr/m/n/12 Diferenciabilidad de fun-cio-nes a par-tir del gra-dien-te y la ja-co-bia-na []  
 []

[1])
\tf@toc=\write3
\openout3 = `"Tema 1.toc"'.

 [2]
Overfull \hbox (11.96144pt too wide) in paragraph at lines 43--44
[]\OT1/cmr/m/n/12 Para las fun-cio-nes de $\U/msb/m/n/12 R[]$ \OT1/cmr/m/n/12 en $\U/msb/m/n/12 R$ \OT1/cmr/m/n/12 los con-jun-tos de ni-vel re-pre-sen-tan su-per-fi-cies
 []

<Images/Conjuntos de nivel1-0000.jpg, id=17, 264.99pt x 260.975pt>
File: Images/Conjuntos de nivel1-0000.jpg Graphic file (type jpg)
<use Images/Conjuntos de nivel1-0000.jpg>
Package pdftex.def Info: Images/Conjuntos de nivel1-0000.jpg  used on input line 50.
(pdftex.def)             Requested size: 140.40285pt x 138.27626pt.
<Images/grafica1.png, id=18, 1330.9725pt x 746.79pt>
File: Images/grafica1.png Graphic file (type png)
<use Images/grafica1.png>
Package pdftex.def Info: Images/grafica1.png  used on input line 54.
(pdftex.def)             Requested size: 210.60071pt x 118.15561pt.

Overfull \hbox (80.61584pt too wide) in paragraph at lines 49--56
[][] [] 
 []


Overfull \hbox (6.88477pt too wide) in paragraph at lines 63--64
\OT1/cmr/m/n/12 ha-bi-tua-les que re-pre-sen-tan fen^^Some-nos co-mo los cam-pos el^^Sectri-co y gra-vi-ta-to-rio. 
 []

[3 <./Images/Conjuntos de nivel1-0000.jpg> <./Images/grafica1.png>]
<Images/campovectorial.png, id=29, 747.79375pt x 327.2225pt>
File: Images/campovectorial.png Graphic file (type png)
<use Images/campovectorial.png>
Package pdftex.def Info: Images/campovectorial.png  used on input line 73.
(pdftex.def)             Requested size: 234.00238pt x 102.39658pt.
 [4 <./Images/campovectorial.png>] [5] [6]
<Images/vectores derivada.png, id=44, 66.16592pt x 65.93558pt>
File: Images/vectores derivada.png Graphic file (type png)
<use Images/vectores derivada.png>
Package pdftex.def Info: Images/vectores derivada.png  used on input line 194.
(pdftex.def)             Requested size: 117.00119pt x 116.59625pt.
<Images/derivadadireccional.jpeg, id=45, 249.93375pt x 202.7575pt>
File: Images/derivadadireccional.jpeg Graphic file (type jpg)
<use Images/derivadadireccional.jpeg>
Package pdftex.def Info: Images/derivadadireccional.jpeg  used on input line 198.
(pdftex.def)             Requested size: 163.80095pt x 132.88602pt.

Overfull \hbox (80.61584pt too wide) in paragraph at lines 193--200
[][] [] 
 []

[7 <./Images/vectores derivada.png> <./Images/derivadadireccional.jpeg>]
Overfull \hbox (8.4667pt too wide) in paragraph at lines 205--206
\OT1/cmr/m/n/12 di-rec-ci^^Son en la que nos mo-ve-mos es per-pen-di-cu-lar al plano tan-gen-te (Gra-dien-te)
 []


Overfull \hbox (2.96399pt too wide) in paragraph at lines 228--229
\OT1/cmr/m/n/12 En ge-ne-ral las de-ri-va-das cru-za-das son igua-les (Da igual de-ri-var de-ri-var pri-me-ro
 []

[8]
Overfull \hbox (7.11247pt too wide) in paragraph at lines 241--242
\OT1/cmr/m/n/12 di-fe-ren-cia-bi-li-dad, aho-ra va-mos a apro-xi-mar la fun-ci^^Son (En un en-torno pe-que~no)
 []

[9]
Overfull \hbox (7.27774pt too wide) in paragraph at lines 282--283
[]\OT1/cmr/m/n/12 Como vi-mos an-tes, una fun-ci^^Son es-ca-lar se pue-de apro-xi-mar por su de-sa-rro-llo
 []


Overfull \hbox (7.01115pt too wide) in paragraph at lines 290--291
[]\OT1/cmr/m/n/12 Una apli-ca-ci^^Son del gra-dien-te es el c^^Salcu-lo del plano tan-gen-te a una su-per-fi-cie
 []


Overfull \hbox (0.74347pt too wide) in paragraph at lines 295--296
[]\OT1/cmr/m/n/12 Resolvemos la ecua-ci^^Son del plano des-pe-jan-do $\OML/cmm/m/it/12 D$ \OT1/cmr/m/n/12 y ob-te-ne-mos la ecua-ci^^Son
 []


Overfull \hbox (0.91623pt too wide) in paragraph at lines 300--301
\OT1/cmr/m/n/12 de-be ex-ten-der-se a sus $\OML/cmm/m/it/12 m$ \OT1/cmr/m/n/12 fun-cio-nes com-po-nen-tes. To-das sus fun-cio-nes es-ca-la-res
 []

[10]
Overfull \hbox (11.95169pt too wide) in paragraph at lines 333--334
[]\OT1/cmr/m/n/12 Condici^^Son \OT1/cmr/bx/n/12 ne-ce-sa-ria\OT1/cmr/m/n/12 : Las fun-cio-nes com-po-nen-tes tie-nen que ser con-ti-nuas 
 []


Overfull \hbox (10.5395pt too wide) in paragraph at lines 349--349
[]\OT1/cmr/bx/n/14.4 Diferenciabilidad de fun-cio-nes a par-tir del gra-dien-te
 []

[11]
Overfull \hbox (32.61417pt too wide) detected at line 355
[] \OML/cmm/m/it/12 E\OT1/cmr/m/n/12 ([]\OML/cmm/m/it/12 ; []\OT1/cmr/m/n/12 ) = [] [] = [] [] = 0
 []


Overfull \hbox (13.3138pt too wide) in paragraph at lines 375--376
[]\OT1/cmr/m/n/12 Por tan-to el l^^S^^Pmi-te es el si-guien-te, que si re-sol-ve-mos cam-bian-do a coor-de-na-das
 []

[12]
Underfull \hbox (badness 10000) in paragraph at lines 387--388

 []

<Images/coordCilindricas.png, id=66, 295.1025pt x 145.04187pt>
File: Images/coordCilindricas.png Graphic file (type png)
<use Images/coordCilindricas.png>
Package pdftex.def Info: Images/coordCilindricas.png  used on input line 391.
(pdftex.def)             Requested size: 257.40404pt x 126.51515pt.

Overfull \hbox (23.40166pt too wide) in paragraph at lines 391--392
[][] 
 []

<Images/coordEsfericas.png, id=67, 260.975pt x 218.8175pt>
File: Images/coordEsfericas.png Graphic file (type png)
<use Images/coordEsfericas.png>
Package pdftex.def Info: Images/coordEsfericas.png  used on input line 395.
(pdftex.def)             Requested size: 140.40285pt x 117.72229pt.

Overfull \hbox (80.61584pt too wide) in paragraph at lines 390--397
[][] [] 
 []

[13 <./Images/coordCilindricas.png> <./Images/coordEsfericas.png>]
Overfull \hbox (48.68065pt too wide) detected at line 449
[]\OML/cmm/m/it/12 h\OT1/cmr/m/n/12 (\OML/cmm/m/it/12 x; y; z\OT1/cmr/m/n/12 ) = (2\OML/cmm/m/it/12 u; \OT1/cmr/m/n/12 2\OML/cmm/m/it/12 v; \OMS/cmsy/m/n/12 ^^@\OT1/cmr/m/n/12 1) \OMS/cmsy/m/n/12 ^^A [] \OT1/cmr/m/n/12 = (4\OML/cmm/m/it/12 uxy \OT1/cmr/m/n/12 + \OML/cmm/m/it/12 ze[]; \OT1/cmr/m/n/12 2\OML/cmm/m/it/12 ux[] \OT1/cmr/m/n/12 + 4\OML/cmm/m/it/12 vy; xe[]\OT1/cmr/m/n/12 )
 []

[14]
Overfull \hbox (12.98976pt too wide) detected at line 492
\OML/cmm/m/it/12 f\OT1/cmr/m/n/12 (\OML/cmm/m/it/12 x; y\OT1/cmr/m/n/12 ) \OMS/cmsy/m/n/12 ^^Y \OML/cmm/m/it/12 f\OT1/cmr/m/n/12 (\OML/cmm/m/it/12 x[]; y[]\OT1/cmr/m/n/12 ) + []\OML/cmm/m/it/12 f\OT1/cmr/m/n/12 (\OML/cmm/m/it/12 x[]; y[]\OT1/cmr/m/n/12 ) [] + [] [] \OML/cmm/m/it/12 H[] []
 []

[15]
Overfull \hbox (27.76306pt too wide) detected at line 545
\OMS/cmsy/m/n/12 H\OT1/cmr/m/n/12 (1\OML/cmm/m/it/12 ; ^^Y=\OT1/cmr/m/n/12 2) = [][] = []
 []


LaTeX Warning: Command \textordmasculine invalid in math mode on input line 550.


LaTeX Warning: Command \textordmasculine invalid in math mode on input line 550.

Missing character: There is no ∫ in font cmr12!

Overfull \hbox (84.05785pt too wide) detected at line 560
\OML/cmm/m/it/12 f\OT1/cmr/m/n/12 (\OML/cmm/m/it/12 x; y\OT1/cmr/m/n/12 ) \OMS/cmsy/m/n/12 ^^Y \OML/cmm/m/it/12 f\OT1/cmr/m/n/12 (1\OML/cmm/m/it/12 ; ^^Y=\OT1/cmr/m/n/12 2) + []\OML/cmm/m/it/12 f\OT1/cmr/m/n/12 (\OML/cmm/m/it/12 ; ^^Y=\OT1/cmr/m/n/12 2) [] + [] [] \OMS/cmsy/m/n/12 ^^A [] []
 []


Overfull \hbox (19.8746pt too wide) in paragraph at lines 566--566
[]\OT1/cmr/bx/n/14.4 C^^Salcu-lo de m^^Saxi-mos y m^^S^^Pni-mos de fun-cio-nes es-ca-la-res 
 []


Overfull \hbox (9.75827pt too wide) in paragraph at lines 568--569
\OT1/cmr/m/n/12 es-ca-lar ar-bi-tra-ria es si-mi-lar al que se-gui-mos con las fun-cio-nes reales, va-li^^Sendo-nos
 []

[16]
<Images/maximo y minimo.png, id=82, 259.97125pt x 194.7275pt>
File: Images/maximo y minimo.png Graphic file (type png)
<use Images/maximo y minimo.png>
Package pdftex.def Info: Images/maximo y minimo.png  used on input line 597.
(pdftex.def)             Requested size: 234.00238pt x 175.27689pt.
<Images/punto silla.png, id=83, 451.6875pt x 352.31625pt>
File: Images/punto silla.png Graphic file (type png)
<use Images/punto silla.png>
Package pdftex.def Info: Images/punto silla.png  used on input line 602.
(pdftex.def)             Requested size: 234.00238pt x 182.52275pt.

Overfull \hbox (80.61584pt too wide) in paragraph at lines 595--604
[][] [] 
 []


Overfull \hbox (6.56618pt too wide) in paragraph at lines 617--618
\OT1/cmr/m/n/12 que la fun-ci^^Son pue-da cre-cer en los va-lo-res de esa su-per-fi-cie o cur-va. Su-pon-ga-mos
 []

[17 <./Images/maximo y minimo.png> <./Images/punto silla.png>]
<Images/lagrange.jpg, id=89, 515.67656pt x 409.53pt>
File: Images/lagrange.jpg Graphic file (type jpg)
<use Images/lagrange.jpg>
Package pdftex.def Info: Images/lagrange.jpg  used on input line 621.
(pdftex.def)             Requested size: 234.00238pt x 185.83652pt.
 [18 <./Images/lagrange.jpg>]
Overfull \hbox (12.00694pt too wide) in paragraph at lines 639--640
[]\OT1/cmr/m/n/12 Podemos ex-ten-der el con-cep-to de ex-tre-mos con-di-cio-na-dos a va-rias su-per-fi-cies
 []


Overfull \hbox (5.24962pt too wide) in paragraph at lines 645--646
[]\OT1/cmr/m/n/12 Donde $\OML/cmm/m/it/12 m$ \OT1/cmr/m/n/12 es el n^^Sume-ro de res-tric-cio-nes. A par-tir de es-ta igual-dad ob-te-ne-mos
 []

[19]
<Images/conicas.png, id=97, 220.825pt x 220.825pt>
File: Images/conicas.png Graphic file (type png)
<use Images/conicas.png>
Package pdftex.def Info: Images/conicas.png  used on input line 662.
(pdftex.def)             Requested size: 140.40285pt x 140.40762pt.
<Images/conicas plano.png, id=98, 331.2375pt x 283.0575pt>
File: Images/conicas plano.png Graphic file (type png)
<use Images/conicas plano.png>
Package pdftex.def Info: Images/conicas plano.png  used on input line 666.
(pdftex.def)             Requested size: 187.2026pt x 159.97096pt.

Overfull \hbox (80.61584pt too wide) in paragraph at lines 661--668
[][] [] 
 []

[20 <./Images/conicas.png> <./Images/conicas plano.png>]
<Images/circunferencia.jpg, id=104, 186.6975pt x 132.495pt>
File: Images/circunferencia.jpg Graphic file (type jpg)
<use Images/circunferencia.jpg>
Package pdftex.def Info: Images/circunferencia.jpg  used on input line 691.
(pdftex.def)             Requested size: 195.0pt x 138.394pt.
<Images/parabola.png, id=105, 315.1775pt x 224.84pt>
File: Images/parabola.png Graphic file (type png)
<use Images/parabola.png>
Package pdftex.def Info: Images/parabola.png  used on input line 705.
(pdftex.def)             Requested size: 195.0pt x 139.10774pt.
 [21 <./Images/circunferencia.jpg> <./Images/parabola.png>]
<Images/elipse.png, id=109, 108.76756pt x 67.9193pt>
File: Images/elipse.png Graphic file (type png)
<use Images/elipse.png>
Package pdftex.def Info: Images/elipse.png  used on input line 720.
(pdftex.def)             Requested size: 272.99881pt x 170.49939pt.
 [22 <./Images/elipse.png>]
File: Images/circunferencia.jpg Graphic file (type jpg)
<use Images/circunferencia.jpg>
Package pdftex.def Info: Images/circunferencia.jpg  used on input line 743.
(pdftex.def)             Requested size: 195.0pt x 138.394pt.
 [23]
<Images/elipsoide.png, id=117, 225.84375pt x 225.84375pt>
File: Images/elipsoide.png Graphic file (type png)
<use Images/elipsoide.png>
Package pdftex.def Info: Images/elipsoide.png  used on input line 763.
(pdftex.def)             Requested size: 117.00119pt x 117.00175pt.

Underfull \hbox (badness 3138) in paragraph at lines 766--767
[][]\OT1/cmr/m/n/12 Est^^Sa for-ma-da por elip-ses de
 []


Overfull \hbox (12.2674pt too wide) in paragraph at lines 766--767
\OT1/cmr/m/n/12 di-fe-ren-te ex-cen-tri-ci-dad en los di-fe-ren-tes
 []


Underfull \hbox (badness 1342) in paragraph at lines 766--767
\OT1/cmr/m/n/12 ejes. Su ecua-ci^^Son can^^Soni-ca es la
 []

<Images/hiperboloide1.png, id=118, 225.84375pt x 225.84375pt>
File: Images/hiperboloide1.png Graphic file (type png)
<use Images/hiperboloide1.png>
Package pdftex.def Info: Images/hiperboloide1.png  used on input line 779.
(pdftex.def)             Requested size: 117.00119pt x 117.00175pt.

Underfull \hbox (badness 4505) in paragraph at lines 782--783
\OT1/cmr/m/n/12 plano XY y una hip^^Serbo-la en
 []


Overfull \hbox (7.79384pt too wide) in paragraph at lines 788--789
[]\OT1/cmr/m/n/12 El eje del hi-per-bo-loi-de co-rres-pon-de
 []


Overfull \hbox (9.63614pt too wide) in paragraph at lines 790--790
[]\OT1/cmr/bx/n/12 Hiperboloide de dos ho-jas 
 []

<Images/hiperboloide2.png, id=119, 225.84375pt x 225.84375pt>
File: Images/hiperboloide2.png Graphic file (type png)
<use Images/hiperboloide2.png>
Package pdftex.def Info: Images/hiperboloide2.png  used on input line 794.
(pdftex.def)             Requested size: 117.00119pt x 117.00175pt.

Underfull \hbox (badness 4505) in paragraph at lines 797--798
\OT1/cmr/m/n/12 plano XY y una hip^^Serbo-la en
 []

[24 <./Images/elipsoide.png> <./Images/hiperboloide1.png> <./Images/hiperboloide2.png>]
Overfull \hbox (7.79384pt too wide) in paragraph at lines 803--804
[]\OT1/cmr/m/n/12 El eje del hi-per-bo-loi-de co-rres-pon-de
 []

[25]
<Images/conoeliptico.png, id=130, 225.84375pt x 225.84375pt>
File: Images/conoeliptico.png Graphic file (type png)
<use Images/conoeliptico.png>
Package pdftex.def Info: Images/conoeliptico.png  used on input line 811.
(pdftex.def)             Requested size: 117.00119pt x 117.00175pt.


Package wrapfig Warning: Collision between wrapping environments on input line 824.

<Images/paraboloideEliptico.png, id=131, 225.84375pt x 225.84375pt>
File: Images/paraboloideEliptico.png Graphic file (type png)
<use Images/paraboloideEliptico.png>
Package pdftex.def Info: Images/paraboloideEliptico.png  used on input line 826.
(pdftex.def)             Requested size: 117.00119pt x 117.00175pt.

Package wrapfig Warning: Stationary wrapfigure forced to float on input line 829.


Overfull \hbox (4.2036pt too wide) in paragraph at lines 835--836
[]\OT1/cmr/m/n/12 El eje del pa-ra-bo-loi-de co-rres-pon-de
 []

<Images/paraboloidehiperbolico.png, id=132, 225.84375pt x 225.84375pt>
File: Images/paraboloidehiperbolico.png Graphic file (type png)
<use Images/paraboloidehiperbolico.png>
Package pdftex.def Info: Images/paraboloidehiperbolico.png  used on input line 841.
(pdftex.def)             Requested size: 117.00119pt x 117.00175pt.

Overfull \hbox (4.2036pt too wide) in paragraph at lines 850--851
[]\OT1/cmr/m/n/12 El eje del pa-ra-bo-loi-de co-rres-pon-de
 []

[26 <./Images/conoeliptico.png> <./Images/paraboloideEliptico.png> <./Images/paraboloidehiperbolico.png>] (build/Tema 1.aux
LaTeX Info: Redefining \. on input line 8.
LaTeX Info: Redefining \% on input line 8.
) ) 
Here is how much of TeX's memory you used:
 5961 strings out of 476024
 99315 string characters out of 5794016
 1865382 words of memory out of 5000000
 26336 multiletter control sequences out of 15000+600000
 521734 words of font info for 68 fonts, out of 8000000 for 9000
 1141 hyphenation exceptions out of 8191
 57i,10n,63p,1031b,417s stack positions out of 10000i,1000n,20000p,200000b,200000s
<c:/texlive/2022/texmf-dist/fonts/type1/public/amsfonts/cm/cmbx12.pfb><c:/texlive/2022/texmf-dist/fonts/type1/public/amsfonts/cm/cmex10.pfb><c:/texlive/2022/texmf-dist/fonts/type1/public/amsfonts/cm/cmmi12.pfb><c:/texlive/2022/texmf-dist/fonts/type1/public/amsfonts/cm/cmmi6.pfb><c:/texlive/2022/texmf-dist/fonts/type1/public/amsfonts/cm/cmmi8.pfb><c:/texlive/2022/texmf-dist/fonts/type1/public/amsfonts/cm/cmr12.pfb><c:/texlive/2022/texmf-dist/fonts/type1/public/amsfonts/cm/cmr17.pfb><c:/texlive/2022/texmf-dist/fonts/type1/public/amsfonts/cm/cmr6.pfb><c:/texlive/2022/texmf-dist/fonts/type1/public/amsfonts/cm/cmr8.pfb><c:/texlive/2022/texmf-dist/fonts/type1/public/amsfonts/cm/cmsy10.pfb><c:/texlive/2022/texmf-dist/fonts/type1/public/amsfonts/cm/cmsy8.pfb><c:/texlive/2022/texmf-dist/fonts/type1/public/amsfonts/cm/cmti12.pfb><c:/texlive/2022/texmf-dist/fonts/type1/public/amsfonts/symbols/msam10.pfb><c:/texlive/2022/texmf-dist/fonts/type1/public/amsfonts/symbols/msbm10.pfb>
Output written on "build/Tema 1.pdf" (27 pages, 999313 bytes).
PDF statistics:
 199 PDF objects out of 1000 (max. 8388607)
 104 compressed objects within 2 object streams
 0 named destinations out of 1000 (max. 500000)
 106 words of extra memory for PDF output out of 10000 (max. 10000000)

